[debug] [2017-06-11T18:42:01.279Z] ----------------------------------------------------------------------
[debug] [2017-06-11T18:42:01.295Z] Command:      C:\Program Files\nodejs\node.exe C:\Users\talle\AppData\Roaming\npm\node_modules\firebase-tools\bin\firebase serve
[debug] [2017-06-11T18:42:01.296Z] CLI Version:  3.9.1
[debug] [2017-06-11T18:42:01.296Z] Platform:     win32
[debug] [2017-06-11T18:42:01.296Z] Node Version: v6.10.3
[debug] [2017-06-11T18:42:01.296Z] Time:         Sun Jun 11 2017 12:42:01 GMT-0600 (Mountain Daylight Time)
[debug] [2017-06-11T18:42:01.297Z] ----------------------------------------------------------------------
[debug] 
[debug] [2017-06-11T18:42:01.299Z] > command requires scopes: ["email","openid","https://www.googleapis.com/auth/cloudplatformprojects.readonly","https://www.googleapis.com/auth/firebase","https://www.googleapis.com/auth/cloud-platform"]
[debug] [2017-06-11T18:42:01.299Z] > authorizing via signed-in user
[debug] [2017-06-11T18:42:01.299Z] > refreshing access token with scopes: ["email","https://www.googleapis.com/auth/cloud-platform","https://www.googleapis.com/auth/cloudplatformprojects.readonly","https://www.googleapis.com/auth/firebase","openid"]
[debug] [2017-06-11T18:42:01.299Z] >>> HTTP REQUEST POST https://www.googleapis.com/oauth2/v3/token { refresh_token: '1/bPJHKBUaezjMmRivIJA_Ih4RYHCauQQIWk3j9ZEmrgfl2Hr9GAqjdAhtcpA9Ivv1',
  client_id: '563584335869-fgrhgmd47bqnekij5i8b5pr03ho849e6.apps.googleusercontent.com',
  client_secret: 'j9iVZfS8kkCEFUPaAeJV0sAi',
  grant_type: 'refresh_token',
  scope: 'email https://www.googleapis.com/auth/cloud-platform https://www.googleapis.com/auth/cloudplatformprojects.readonly https://www.googleapis.com/auth/firebase openid' } 
 Sun Jun 11 2017 12:42:01 GMT-0600 (Mountain Daylight Time)
[debug] [2017-06-11T18:42:01.534Z] <<< HTTP RESPONSE 200
[debug] [2017-06-11T18:42:01.548Z] >>> HTTP REQUEST GET https://admin.firebase.com/v1/projects/ddsecrets-11850  
 Sun Jun 11 2017 12:42:01 GMT-0600 (Mountain Daylight Time)
[debug] [2017-06-11T18:42:02.029Z] <<< HTTP RESPONSE 200
[debug] [2017-06-11T18:42:02.044Z] >>> HTTP REQUEST GET https://admin.firebase.com/v1/database/ddsecrets-11850/tokens  
 Sun Jun 11 2017 12:42:02 GMT-0600 (Mountain Daylight Time)
[debug] [2017-06-11T18:42:02.443Z] <<< HTTP RESPONSE 200
[info] 
[info] === Serving from 'D:\Thom\Projects\nodeProjects\ddsecrets1'...
[info] 
[debug] [2017-06-11T18:42:02.443Z] >>> HTTP REQUEST GET https://cloudresourcemanager.googleapis.com/v1/projects/ddsecrets-11850  
 Sun Jun 11 2017 12:42:02 GMT-0600 (Mountain Daylight Time)
[debug] [2017-06-11T18:42:02.786Z] <<< HTTP RESPONSE 200
[debug] [2017-06-11T18:42:02.786Z] >>> HTTP REQUEST GET https://mobilesdk-pa.googleapis.com/v1/projects/961955283308/clients/_:getWebAppConfig  
 Sun Jun 11 2017 12:42:02 GMT-0600 (Mountain Daylight Time)
[debug] [2017-06-11T18:42:03.176Z] <<< HTTP RESPONSE 200
[info] i  hosting: Serving hosting files from: public
[info] +  hosting: Local server: http://localhost:5000

[debug] [2017-06-11T18:42:37.441Z] ----------------------------------------------------------------------
[debug] [2017-06-11T18:42:37.441Z] Command:      C:\Program Files\nodejs\node.exe C:\Users\talle\AppData\Roaming\npm\node_modules\firebase-tools\bin\firebase serve
[debug] [2017-06-11T18:42:37.441Z] CLI Version:  3.9.1
[debug] [2017-06-11T18:42:37.441Z] Platform:     win32
[debug] [2017-06-11T18:42:37.441Z] Node Version: v6.10.3
[debug] [2017-06-11T18:42:37.441Z] Time:         Sun Jun 11 2017 12:42:37 GMT-0600 (Mountain Daylight Time)
[debug] [2017-06-11T18:42:37.441Z] ----------------------------------------------------------------------
[debug] 
[debug] [2017-06-11T18:42:37.461Z] > command requires scopes: ["email","openid","https://www.googleapis.com/auth/cloudplatformprojects.readonly","https://www.googleapis.com/auth/firebase","https://www.googleapis.com/auth/cloud-platform"]
[debug] [2017-06-11T18:42:37.461Z] > authorizing via signed-in user
[debug] [2017-06-11T18:42:37.461Z] >>> HTTP REQUEST GET https://admin.firebase.com/v1/projects/ddsecrets-11850  
 Sun Jun 11 2017 12:42:37 GMT-0600 (Mountain Daylight Time)
[debug] [2017-06-11T18:42:37.889Z] <<< HTTP RESPONSE 200
[debug] [2017-06-11T18:42:37.891Z] >>> HTTP REQUEST GET https://admin.firebase.com/v1/database/ddsecrets-11850/tokens  
 Sun Jun 11 2017 12:42:37 GMT-0600 (Mountain Daylight Time)
[debug] [2017-06-11T18:42:38.251Z] <<< HTTP RESPONSE 200
[info] 
[info] === Serving from 'D:\Thom\Projects\nodeProjects\ddsecrets1'...
[info] 
[debug] [2017-06-11T18:42:38.266Z] >>> HTTP REQUEST GET https://cloudresourcemanager.googleapis.com/v1/projects/ddsecrets-11850  
 Sun Jun 11 2017 12:42:38 GMT-0600 (Mountain Daylight Time)
[debug] [2017-06-11T18:42:38.600Z] <<< HTTP RESPONSE 200
[debug] [2017-06-11T18:42:38.601Z] >>> HTTP REQUEST GET https://mobilesdk-pa.googleapis.com/v1/projects/961955283308/clients/_:getWebAppConfig  
 Sun Jun 11 2017 12:42:38 GMT-0600 (Mountain Daylight Time)
[debug] [2017-06-11T18:42:38.938Z] <<< HTTP RESPONSE 200
[info] i  hosting: Serving hosting files from: public
[info] +  hosting: Local server: http://localhost:5000

[debug] [2017-06-12T03:44:35.080Z] ----------------------------------------------------------------------
[debug] [2017-06-12T03:44:35.082Z] Command:      C:\Program Files\nodejs\node.exe C:\Users\talle\AppData\Roaming\npm\node_modules\firebase-tools\bin\firebase serve
[debug] [2017-06-12T03:44:35.083Z] CLI Version:  3.9.1
[debug] [2017-06-12T03:44:35.083Z] Platform:     win32
[debug] [2017-06-12T03:44:35.083Z] Node Version: v6.10.3
[debug] [2017-06-12T03:44:35.083Z] Time:         Sun Jun 11 2017 21:44:35 GMT-0600 (Mountain Daylight Time)
[debug] [2017-06-12T03:44:35.083Z] ----------------------------------------------------------------------
[debug] 
[debug] [2017-06-12T03:44:35.098Z] > command requires scopes: ["email","openid","https://www.googleapis.com/auth/cloudplatformprojects.readonly","https://www.googleapis.com/auth/firebase","https://www.googleapis.com/auth/cloud-platform"]
[debug] [2017-06-12T03:44:35.099Z] > authorizing via signed-in user
[debug] [2017-06-12T03:44:35.102Z] > refreshing access token with scopes: ["email","https://www.googleapis.com/auth/cloud-platform","https://www.googleapis.com/auth/cloudplatformprojects.readonly","https://www.googleapis.com/auth/firebase","openid"]
[debug] [2017-06-12T03:44:35.102Z] >>> HTTP REQUEST POST https://www.googleapis.com/oauth2/v3/token { refresh_token: '1/bPJHKBUaezjMmRivIJA_Ih4RYHCauQQIWk3j9ZEmrgfl2Hr9GAqjdAhtcpA9Ivv1',
  client_id: '563584335869-fgrhgmd47bqnekij5i8b5pr03ho849e6.apps.googleusercontent.com',
  client_secret: 'j9iVZfS8kkCEFUPaAeJV0sAi',
  grant_type: 'refresh_token',
  scope: 'email https://www.googleapis.com/auth/cloud-platform https://www.googleapis.com/auth/cloudplatformprojects.readonly https://www.googleapis.com/auth/firebase openid' } 
 Sun Jun 11 2017 21:44:35 GMT-0600 (Mountain Daylight Time)
[debug] [2017-06-12T03:44:35.309Z] <<< HTTP RESPONSE 200
[debug] [2017-06-12T03:44:35.323Z] >>> HTTP REQUEST GET https://admin.firebase.com/v1/projects/ddsecrets-11850  
 Sun Jun 11 2017 21:44:35 GMT-0600 (Mountain Daylight Time)
[debug] [2017-06-12T03:44:35.903Z] <<< HTTP RESPONSE 200
[debug] [2017-06-12T03:44:35.903Z] >>> HTTP REQUEST GET https://admin.firebase.com/v1/database/ddsecrets-11850/tokens  
 Sun Jun 11 2017 21:44:35 GMT-0600 (Mountain Daylight Time)
[debug] [2017-06-12T03:44:36.254Z] <<< HTTP RESPONSE 200
[info] 
[info] === Serving from 'D:\Thom\Projects\nodeProjects\ddsecrets1'...
[info] 
[debug] [2017-06-12T03:44:36.256Z] >>> HTTP REQUEST GET https://cloudresourcemanager.googleapis.com/v1/projects/ddsecrets-11850  
 Sun Jun 11 2017 21:44:36 GMT-0600 (Mountain Daylight Time)
[debug] [2017-06-12T03:44:36.601Z] <<< HTTP RESPONSE 200
[debug] [2017-06-12T03:44:36.601Z] >>> HTTP REQUEST GET https://mobilesdk-pa.googleapis.com/v1/projects/961955283308/clients/_:getWebAppConfig  
 Sun Jun 11 2017 21:44:36 GMT-0600 (Mountain Daylight Time)
[debug] [2017-06-12T03:44:36.975Z] <<< HTTP RESPONSE 200
[info] i  hosting: Serving hosting files from: public
[info] +  hosting: Local server: http://localhost:5000

[debug] [2017-06-12T04:03:30.395Z] ----------------------------------------------------------------------
[debug] [2017-06-12T04:03:30.397Z] Command:      C:\Program Files\nodejs\node.exe C:\Users\talle\AppData\Roaming\npm\node_modules\firebase-tools\bin\firebase serve
[debug] [2017-06-12T04:03:30.398Z] CLI Version:  3.9.1
[debug] [2017-06-12T04:03:30.398Z] Platform:     win32
[debug] [2017-06-12T04:03:30.398Z] Node Version: v6.10.3
[debug] [2017-06-12T04:03:30.399Z] Time:         Sun Jun 11 2017 22:03:30 GMT-0600 (Mountain Daylight Time)
[debug] [2017-06-12T04:03:30.399Z] ----------------------------------------------------------------------
[debug] 
[debug] [2017-06-12T04:03:30.409Z] > command requires scopes: ["email","openid","https://www.googleapis.com/auth/cloudplatformprojects.readonly","https://www.googleapis.com/auth/firebase","https://www.googleapis.com/auth/cloud-platform"]
[debug] [2017-06-12T04:03:30.409Z] > authorizing via signed-in user
[debug] [2017-06-12T04:03:30.411Z] >>> HTTP REQUEST GET https://admin.firebase.com/v1/projects/ddsecrets-11850  
 Sun Jun 11 2017 22:03:30 GMT-0600 (Mountain Daylight Time)
[debug] [2017-06-12T04:03:30.903Z] <<< HTTP RESPONSE 200
[debug] [2017-06-12T04:03:30.904Z] >>> HTTP REQUEST GET https://admin.firebase.com/v1/database/ddsecrets-11850/tokens  
 Sun Jun 11 2017 22:03:30 GMT-0600 (Mountain Daylight Time)
[debug] [2017-06-12T04:03:31.340Z] <<< HTTP RESPONSE 200
[info] 
[info] === Serving from 'D:\Thom\Projects\nodeProjects\ddsecrets1'...
[info] 
[debug] [2017-06-12T04:03:31.345Z] >>> HTTP REQUEST GET https://cloudresourcemanager.googleapis.com/v1/projects/ddsecrets-11850  
 Sun Jun 11 2017 22:03:31 GMT-0600 (Mountain Daylight Time)
[debug] [2017-06-12T04:03:31.711Z] <<< HTTP RESPONSE 200
[debug] [2017-06-12T04:03:31.712Z] >>> HTTP REQUEST GET https://mobilesdk-pa.googleapis.com/v1/projects/961955283308/clients/_:getWebAppConfig  
 Sun Jun 11 2017 22:03:31 GMT-0600 (Mountain Daylight Time)
[debug] [2017-06-12T04:03:32.341Z] <<< HTTP RESPONSE 200
[info] i  hosting: Serving hosting files from: public
[info] +  hosting: Local server: http://localhost:5000

[debug] [2017-06-12T04:11:25.825Z] ----------------------------------------------------------------------
[debug] [2017-06-12T04:11:25.827Z] Command:      C:\Program Files\nodejs\node.exe C:\Users\talle\AppData\Roaming\npm\node_modules\firebase-tools\bin\firebase serve
[debug] [2017-06-12T04:11:25.828Z] CLI Version:  3.9.1
[debug] [2017-06-12T04:11:25.828Z] Platform:     win32
[debug] [2017-06-12T04:11:25.828Z] Node Version: v6.10.3
[debug] [2017-06-12T04:11:25.828Z] Time:         Sun Jun 11 2017 22:11:25 GMT-0600 (Mountain Daylight Time)
[debug] [2017-06-12T04:11:25.828Z] ----------------------------------------------------------------------
[debug] 
[debug] [2017-06-12T04:11:25.838Z] > command requires scopes: ["email","openid","https://www.googleapis.com/auth/cloudplatformprojects.readonly","https://www.googleapis.com/auth/firebase","https://www.googleapis.com/auth/cloud-platform"]
[debug] [2017-06-12T04:11:25.838Z] > authorizing via signed-in user
[debug] [2017-06-12T04:11:25.840Z] >>> HTTP REQUEST GET https://admin.firebase.com/v1/projects/ddsecrets-11850  
 Sun Jun 11 2017 22:11:25 GMT-0600 (Mountain Daylight Time)
[debug] [2017-06-12T04:11:26.302Z] <<< HTTP RESPONSE 200
[debug] [2017-06-12T04:11:26.302Z] >>> HTTP REQUEST GET https://admin.firebase.com/v1/database/ddsecrets-11850/tokens  
 Sun Jun 11 2017 22:11:26 GMT-0600 (Mountain Daylight Time)
[debug] [2017-06-12T04:11:26.756Z] <<< HTTP RESPONSE 200
[info] 
[info] === Serving from 'D:\Thom\Projects\nodeProjects\ddsecrets1'...
[info] 
[debug] [2017-06-12T04:11:26.758Z] >>> HTTP REQUEST GET https://cloudresourcemanager.googleapis.com/v1/projects/ddsecrets-11850  
 Sun Jun 11 2017 22:11:26 GMT-0600 (Mountain Daylight Time)
[debug] [2017-06-12T04:11:27.163Z] <<< HTTP RESPONSE 200
[debug] [2017-06-12T04:11:27.163Z] >>> HTTP REQUEST GET https://mobilesdk-pa.googleapis.com/v1/projects/961955283308/clients/_:getWebAppConfig  
 Sun Jun 11 2017 22:11:27 GMT-0600 (Mountain Daylight Time)
[debug] [2017-06-12T04:11:28.110Z] <<< HTTP RESPONSE 200
[info] i  hosting: Serving hosting files from: public
[info] +  hosting: Local server: http://localhost:5000

[debug] [2017-06-12T05:21:00.048Z] ----------------------------------------------------------------------
[debug] [2017-06-12T05:21:00.050Z] Command:      C:\Program Files\nodejs\node.exe C:\Users\talle\AppData\Roaming\npm\node_modules\firebase-tools\bin\firebase serve
[debug] [2017-06-12T05:21:00.051Z] CLI Version:  3.9.1
[debug] [2017-06-12T05:21:00.051Z] Platform:     win32
[debug] [2017-06-12T05:21:00.051Z] Node Version: v6.10.3
[debug] [2017-06-12T05:21:00.051Z] Time:         Sun Jun 11 2017 23:21:00 GMT-0600 (Mountain Daylight Time)
[debug] [2017-06-12T05:21:00.051Z] ----------------------------------------------------------------------
[debug] 
[debug] [2017-06-12T05:21:00.061Z] > command requires scopes: ["email","openid","https://www.googleapis.com/auth/cloudplatformprojects.readonly","https://www.googleapis.com/auth/firebase","https://www.googleapis.com/auth/cloud-platform"]
[debug] [2017-06-12T05:21:00.061Z] > authorizing via signed-in user
[debug] [2017-06-12T05:21:00.063Z] > refreshing access token with scopes: ["email","https://www.googleapis.com/auth/cloud-platform","https://www.googleapis.com/auth/cloudplatformprojects.readonly","https://www.googleapis.com/auth/firebase","openid"]
[debug] [2017-06-12T05:21:00.063Z] >>> HTTP REQUEST POST https://www.googleapis.com/oauth2/v3/token { refresh_token: '1/bPJHKBUaezjMmRivIJA_Ih4RYHCauQQIWk3j9ZEmrgfl2Hr9GAqjdAhtcpA9Ivv1',
  client_id: '563584335869-fgrhgmd47bqnekij5i8b5pr03ho849e6.apps.googleusercontent.com',
  client_secret: 'j9iVZfS8kkCEFUPaAeJV0sAi',
  grant_type: 'refresh_token',
  scope: 'email https://www.googleapis.com/auth/cloud-platform https://www.googleapis.com/auth/cloudplatformprojects.readonly https://www.googleapis.com/auth/firebase openid' } 
 Sun Jun 11 2017 23:21:00 GMT-0600 (Mountain Daylight Time)
[debug] [2017-06-12T05:21:00.348Z] <<< HTTP RESPONSE 200
[debug] [2017-06-12T05:21:00.362Z] >>> HTTP REQUEST GET https://admin.firebase.com/v1/projects/ddsecrets-11850  
 Sun Jun 11 2017 23:21:00 GMT-0600 (Mountain Daylight Time)
[debug] [2017-06-12T05:21:00.830Z] <<< HTTP RESPONSE 200
[debug] [2017-06-12T05:21:00.830Z] >>> HTTP REQUEST GET https://admin.firebase.com/v1/database/ddsecrets-11850/tokens  
 Sun Jun 11 2017 23:21:00 GMT-0600 (Mountain Daylight Time)
[debug] [2017-06-12T05:21:01.197Z] <<< HTTP RESPONSE 200
[info] 
[info] === Serving from 'D:\Thom\Projects\nodeProjects\ddsecrets1'...
[info] 
[debug] [2017-06-12T05:21:01.200Z] >>> HTTP REQUEST GET https://cloudresourcemanager.googleapis.com/v1/projects/ddsecrets-11850  
 Sun Jun 11 2017 23:21:01 GMT-0600 (Mountain Daylight Time)
[debug] [2017-06-12T05:21:01.580Z] <<< HTTP RESPONSE 200
[debug] [2017-06-12T05:21:01.581Z] >>> HTTP REQUEST GET https://mobilesdk-pa.googleapis.com/v1/projects/961955283308/clients/_:getWebAppConfig  
 Sun Jun 11 2017 23:21:01 GMT-0600 (Mountain Daylight Time)
[debug] [2017-06-12T05:21:02.510Z] <<< HTTP RESPONSE 200
[info] i  hosting: Serving hosting files from: public
[info] +  hosting: Local server: http://localhost:5000

[debug] [2017-06-12T05:38:52.450Z] ----------------------------------------------------------------------
[debug] [2017-06-12T05:38:52.452Z] Command:      C:\Program Files\nodejs\node.exe C:\Users\talle\AppData\Roaming\npm\node_modules\firebase-tools\bin\firebase serve
[debug] [2017-06-12T05:38:52.453Z] CLI Version:  3.9.1
[debug] [2017-06-12T05:38:52.453Z] Platform:     win32
[debug] [2017-06-12T05:38:52.453Z] Node Version: v6.10.3
[debug] [2017-06-12T05:38:52.453Z] Time:         Sun Jun 11 2017 23:38:52 GMT-0600 (Mountain Daylight Time)
[debug] [2017-06-12T05:38:52.453Z] ----------------------------------------------------------------------
[debug] 
[debug] [2017-06-12T05:38:52.468Z] > command requires scopes: ["email","openid","https://www.googleapis.com/auth/cloudplatformprojects.readonly","https://www.googleapis.com/auth/firebase","https://www.googleapis.com/auth/cloud-platform"]
[debug] [2017-06-12T05:38:52.468Z] > authorizing via signed-in user
[debug] [2017-06-12T05:38:52.470Z] >>> HTTP REQUEST GET https://admin.firebase.com/v1/projects/ddsecrets-11850  
 Sun Jun 11 2017 23:38:52 GMT-0600 (Mountain Daylight Time)
[debug] [2017-06-12T05:38:53.052Z] <<< HTTP RESPONSE 200
[debug] [2017-06-12T05:38:53.053Z] >>> HTTP REQUEST GET https://admin.firebase.com/v1/database/ddsecrets-11850/tokens  
 Sun Jun 11 2017 23:38:53 GMT-0600 (Mountain Daylight Time)
[debug] [2017-06-12T05:38:53.503Z] <<< HTTP RESPONSE 200
[info] 
[info] === Serving from 'D:\Thom\Projects\nodeProjects\ddsecrets1'...
[info] 
[debug] [2017-06-12T05:38:53.509Z] >>> HTTP REQUEST GET https://cloudresourcemanager.googleapis.com/v1/projects/ddsecrets-11850  
 Sun Jun 11 2017 23:38:53 GMT-0600 (Mountain Daylight Time)
[debug] [2017-06-12T05:38:53.828Z] <<< HTTP RESPONSE 200
[debug] [2017-06-12T05:38:53.829Z] >>> HTTP REQUEST GET https://mobilesdk-pa.googleapis.com/v1/projects/961955283308/clients/_:getWebAppConfig  
 Sun Jun 11 2017 23:38:53 GMT-0600 (Mountain Daylight Time)
[debug] [2017-06-12T05:38:54.879Z] <<< HTTP RESPONSE 200
[info] i  hosting: Serving hosting files from: public
[info] +  hosting: Local server: http://localhost:5000

[debug] [2017-06-12T18:16:35.850Z] ----------------------------------------------------------------------
[debug] [2017-06-12T18:16:35.853Z] Command:      C:\Program Files\nodejs\node.exe C:\Users\talle\AppData\Roaming\npm\node_modules\firebase-tools\bin\firebase serve
[debug] [2017-06-12T18:16:35.853Z] CLI Version:  3.9.1
[debug] [2017-06-12T18:16:35.853Z] Platform:     win32
[debug] [2017-06-12T18:16:35.853Z] Node Version: v6.10.3
[debug] [2017-06-12T18:16:35.853Z] Time:         Mon Jun 12 2017 12:16:35 GMT-0600 (Mountain Daylight Time)
[debug] [2017-06-12T18:16:35.854Z] ----------------------------------------------------------------------
[debug] 
[debug] [2017-06-12T18:16:35.863Z] > command requires scopes: ["email","openid","https://www.googleapis.com/auth/cloudplatformprojects.readonly","https://www.googleapis.com/auth/firebase","https://www.googleapis.com/auth/cloud-platform"]
[debug] [2017-06-12T18:16:35.863Z] > authorizing via signed-in user
[debug] [2017-06-12T18:16:35.865Z] >>> HTTP REQUEST GET https://admin.firebase.com/v1/projects/ddsecrets-11850  
 Mon Jun 12 2017 12:16:35 GMT-0600 (Mountain Daylight Time)
[debug] [2017-06-12T18:16:36.876Z] <<< HTTP RESPONSE 200
[debug] [2017-06-12T18:16:36.878Z] >>> HTTP REQUEST GET https://admin.firebase.com/v1/database/ddsecrets-11850/tokens  
 Mon Jun 12 2017 12:16:36 GMT-0600 (Mountain Daylight Time)
[debug] [2017-06-12T18:16:37.261Z] <<< HTTP RESPONSE 200
[info] 
[info] === Serving from 'D:\Thom\Projects\nodeProjects\ddsecrets1'...
[info] 
[debug] [2017-06-12T18:16:37.268Z] >>> HTTP REQUEST GET https://cloudresourcemanager.googleapis.com/v1/projects/ddsecrets-11850  
 Mon Jun 12 2017 12:16:37 GMT-0600 (Mountain Daylight Time)
[debug] [2017-06-12T18:16:37.606Z] <<< HTTP RESPONSE 200
[debug] [2017-06-12T18:16:37.607Z] >>> HTTP REQUEST GET https://mobilesdk-pa.googleapis.com/v1/projects/961955283308/clients/_:getWebAppConfig  
 Mon Jun 12 2017 12:16:37 GMT-0600 (Mountain Daylight Time)
[debug] [2017-06-12T18:16:38.127Z] <<< HTTP RESPONSE 200
[info] i  hosting: Serving hosting files from: public
[info] +  hosting: Local server: http://localhost:5000

[debug] [2017-06-12T19:02:18.767Z] ----------------------------------------------------------------------
[debug] [2017-06-12T19:02:18.767Z] Command:      C:\Program Files\nodejs\node.exe C:\Users\talle\AppData\Roaming\npm\node_modules\firebase-tools\bin\firebase serve
[debug] [2017-06-12T19:02:18.767Z] CLI Version:  3.9.1
[debug] [2017-06-12T19:02:18.767Z] Platform:     win32
[debug] [2017-06-12T19:02:18.767Z] Node Version: v6.10.3
[debug] [2017-06-12T19:02:18.767Z] Time:         Mon Jun 12 2017 13:02:18 GMT-0600 (Mountain Daylight Time)
[debug] [2017-06-12T19:02:18.767Z] ----------------------------------------------------------------------
[debug] 
[debug] [2017-06-12T19:02:18.782Z] > command requires scopes: ["email","openid","https://www.googleapis.com/auth/cloudplatformprojects.readonly","https://www.googleapis.com/auth/firebase","https://www.googleapis.com/auth/cloud-platform"]
[debug] [2017-06-12T19:02:18.782Z] > authorizing via signed-in user
[debug] [2017-06-12T19:02:18.782Z] > refreshing access token with scopes: ["email","https://www.googleapis.com/auth/cloud-platform","https://www.googleapis.com/auth/cloudplatformprojects.readonly","https://www.googleapis.com/auth/firebase","openid"]
[debug] [2017-06-12T19:02:18.782Z] >>> HTTP REQUEST POST https://www.googleapis.com/oauth2/v3/token { refresh_token: '1/bPJHKBUaezjMmRivIJA_Ih4RYHCauQQIWk3j9ZEmrgfl2Hr9GAqjdAhtcpA9Ivv1',
  client_id: '563584335869-fgrhgmd47bqnekij5i8b5pr03ho849e6.apps.googleusercontent.com',
  client_secret: 'j9iVZfS8kkCEFUPaAeJV0sAi',
  grant_type: 'refresh_token',
  scope: 'email https://www.googleapis.com/auth/cloud-platform https://www.googleapis.com/auth/cloudplatformprojects.readonly https://www.googleapis.com/auth/firebase openid' } 
 Mon Jun 12 2017 13:02:18 GMT-0600 (Mountain Daylight Time)
[debug] [2017-06-12T19:02:19.232Z] <<< HTTP RESPONSE 200
[debug] [2017-06-12T19:02:19.232Z] >>> HTTP REQUEST GET https://admin.firebase.com/v1/projects/ddsecrets-11850  
 Mon Jun 12 2017 13:02:19 GMT-0600 (Mountain Daylight Time)
[debug] [2017-06-12T19:02:20.104Z] <<< HTTP RESPONSE 200
[debug] [2017-06-12T19:02:20.104Z] >>> HTTP REQUEST GET https://admin.firebase.com/v1/database/ddsecrets-11850/tokens  
 Mon Jun 12 2017 13:02:20 GMT-0600 (Mountain Daylight Time)
[debug] [2017-06-12T19:02:20.635Z] <<< HTTP RESPONSE 200
[info] 
[info] === Serving from 'D:\Thom\Projects\nodeProjects\ddsecrets1'...
[info] 
[debug] [2017-06-12T19:02:20.635Z] >>> HTTP REQUEST GET https://cloudresourcemanager.googleapis.com/v1/projects/ddsecrets-11850  
 Mon Jun 12 2017 13:02:20 GMT-0600 (Mountain Daylight Time)
[debug] [2017-06-12T19:02:21.251Z] <<< HTTP RESPONSE 200
[debug] [2017-06-12T19:02:21.251Z] >>> HTTP REQUEST GET https://mobilesdk-pa.googleapis.com/v1/projects/961955283308/clients/_:getWebAppConfig  
 Mon Jun 12 2017 13:02:21 GMT-0600 (Mountain Daylight Time)
[debug] [2017-06-12T19:02:21.970Z] <<< HTTP RESPONSE 200
[info] i  hosting: Serving hosting files from: public
[info] +  hosting: Local server: http://localhost:5000

[debug] [2017-06-12T21:09:51.231Z] ----------------------------------------------------------------------
[debug] [2017-06-12T21:09:51.239Z] Command:      C:\Program Files\nodejs\node.exe C:\Users\talle\AppData\Roaming\npm\node_modules\firebase-tools\bin\firebase serve
[debug] [2017-06-12T21:09:51.239Z] CLI Version:  3.9.1
[debug] [2017-06-12T21:09:51.239Z] Platform:     win32
[debug] [2017-06-12T21:09:51.239Z] Node Version: v6.10.3
[debug] [2017-06-12T21:09:51.243Z] Time:         Mon Jun 12 2017 15:09:51 GMT-0600 (Mountain Daylight Time)
[debug] [2017-06-12T21:09:51.243Z] ----------------------------------------------------------------------
[debug] 
[debug] [2017-06-12T21:09:51.287Z] > command requires scopes: ["email","openid","https://www.googleapis.com/auth/cloudplatformprojects.readonly","https://www.googleapis.com/auth/firebase","https://www.googleapis.com/auth/cloud-platform"]
[debug] [2017-06-12T21:09:51.287Z] > authorizing via signed-in user
[debug] [2017-06-12T21:09:51.295Z] > refreshing access token with scopes: ["email","https://www.googleapis.com/auth/cloud-platform","https://www.googleapis.com/auth/cloudplatformprojects.readonly","https://www.googleapis.com/auth/firebase","openid"]
[debug] [2017-06-12T21:09:51.295Z] >>> HTTP REQUEST POST https://www.googleapis.com/oauth2/v3/token { refresh_token: '1/bPJHKBUaezjMmRivIJA_Ih4RYHCauQQIWk3j9ZEmrgfl2Hr9GAqjdAhtcpA9Ivv1',
  client_id: '563584335869-fgrhgmd47bqnekij5i8b5pr03ho849e6.apps.googleusercontent.com',
  client_secret: 'j9iVZfS8kkCEFUPaAeJV0sAi',
  grant_type: 'refresh_token',
  scope: 'email https://www.googleapis.com/auth/cloud-platform https://www.googleapis.com/auth/cloudplatformprojects.readonly https://www.googleapis.com/auth/firebase openid' } 
 Mon Jun 12 2017 15:09:51 GMT-0600 (Mountain Daylight Time)
[debug] [2017-06-12T21:09:51.644Z] <<< HTTP RESPONSE 200
[debug] [2017-06-12T21:09:51.656Z] >>> HTTP REQUEST GET https://admin.firebase.com/v1/projects/ddsecrets-11850  
 Mon Jun 12 2017 15:09:51 GMT-0600 (Mountain Daylight Time)
[debug] [2017-06-12T21:09:52.230Z] <<< HTTP RESPONSE 200
[debug] [2017-06-12T21:09:52.234Z] >>> HTTP REQUEST GET https://admin.firebase.com/v1/database/ddsecrets-11850/tokens  
 Mon Jun 12 2017 15:09:52 GMT-0600 (Mountain Daylight Time)
[debug] [2017-06-12T21:09:52.625Z] <<< HTTP RESPONSE 200
[info] 
[info] === Serving from 'D:\Thom\Projects\nodeProjects\ddsecrets1'...
[info] 
[debug] [2017-06-12T21:09:52.630Z] >>> HTTP REQUEST GET https://cloudresourcemanager.googleapis.com/v1/projects/ddsecrets-11850  
 Mon Jun 12 2017 15:09:52 GMT-0600 (Mountain Daylight Time)
[debug] [2017-06-12T21:09:53.075Z] <<< HTTP RESPONSE 200
[debug] [2017-06-12T21:09:53.075Z] >>> HTTP REQUEST GET https://mobilesdk-pa.googleapis.com/v1/projects/961955283308/clients/_:getWebAppConfig  
 Mon Jun 12 2017 15:09:53 GMT-0600 (Mountain Daylight Time)
[debug] [2017-06-12T21:09:53.852Z] <<< HTTP RESPONSE 200
[info] i  hosting: Serving hosting files from: public
[info] +  hosting: Local server: http://localhost:5000

[debug] [2017-06-13T06:09:53.095Z] ----------------------------------------------------------------------
[debug] [2017-06-13T06:09:53.100Z] Command:      C:\Program Files\nodejs\node.exe C:\Users\talle\AppData\Roaming\npm\node_modules\firebase-tools\bin\firebase serve
[debug] [2017-06-13T06:09:53.101Z] CLI Version:  3.9.1
[debug] [2017-06-13T06:09:53.101Z] Platform:     win32
[debug] [2017-06-13T06:09:53.101Z] Node Version: v6.10.3
[debug] [2017-06-13T06:09:53.102Z] Time:         Tue Jun 13 2017 00:09:53 GMT-0600 (Mountain Daylight Time)
[debug] [2017-06-13T06:09:53.102Z] ----------------------------------------------------------------------
[debug] 
[debug] [2017-06-13T06:09:53.152Z] > command requires scopes: ["email","openid","https://www.googleapis.com/auth/cloudplatformprojects.readonly","https://www.googleapis.com/auth/firebase","https://www.googleapis.com/auth/cloud-platform"]
[debug] [2017-06-13T06:09:53.153Z] > authorizing via signed-in user
[debug] [2017-06-13T06:09:53.157Z] > refreshing access token with scopes: ["email","https://www.googleapis.com/auth/cloud-platform","https://www.googleapis.com/auth/cloudplatformprojects.readonly","https://www.googleapis.com/auth/firebase","openid"]
[debug] [2017-06-13T06:09:53.158Z] >>> HTTP REQUEST POST https://www.googleapis.com/oauth2/v3/token { refresh_token: '1/bPJHKBUaezjMmRivIJA_Ih4RYHCauQQIWk3j9ZEmrgfl2Hr9GAqjdAhtcpA9Ivv1',
  client_id: '563584335869-fgrhgmd47bqnekij5i8b5pr03ho849e6.apps.googleusercontent.com',
  client_secret: 'j9iVZfS8kkCEFUPaAeJV0sAi',
  grant_type: 'refresh_token',
  scope: 'email https://www.googleapis.com/auth/cloud-platform https://www.googleapis.com/auth/cloudplatformprojects.readonly https://www.googleapis.com/auth/firebase openid' } 
 Tue Jun 13 2017 00:09:53 GMT-0600 (Mountain Daylight Time)
[debug] [2017-06-13T06:09:53.487Z] <<< HTTP RESPONSE 200
[debug] [2017-06-13T06:09:53.505Z] >>> HTTP REQUEST GET https://admin.firebase.com/v1/projects/ddsecrets-11850  
 Tue Jun 13 2017 00:09:53 GMT-0600 (Mountain Daylight Time)
[debug] [2017-06-13T06:09:54.155Z] <<< HTTP RESPONSE 200
[debug] [2017-06-13T06:09:54.157Z] >>> HTTP REQUEST GET https://admin.firebase.com/v1/database/ddsecrets-11850/tokens  
 Tue Jun 13 2017 00:09:54 GMT-0600 (Mountain Daylight Time)
[debug] [2017-06-13T06:09:54.722Z] <<< HTTP RESPONSE 200
[info] 
[info] === Serving from 'D:\Thom\Projects\nodeProjects\ddsecrets1'...
[info] 
[debug] [2017-06-13T06:09:54.724Z] >>> HTTP REQUEST GET https://cloudresourcemanager.googleapis.com/v1/projects/ddsecrets-11850  
 Tue Jun 13 2017 00:09:54 GMT-0600 (Mountain Daylight Time)
[debug] [2017-06-13T06:09:55.173Z] <<< HTTP RESPONSE 200
[debug] [2017-06-13T06:09:55.174Z] >>> HTTP REQUEST GET https://mobilesdk-pa.googleapis.com/v1/projects/961955283308/clients/_:getWebAppConfig  
 Tue Jun 13 2017 00:09:55 GMT-0600 (Mountain Daylight Time)
[debug] [2017-06-13T06:09:55.799Z] <<< HTTP RESPONSE 200
[info] i  hosting: Serving hosting files from: public
[info] +  hosting: Local server: http://localhost:5000

[debug] [2017-06-13T06:18:20.647Z] ----------------------------------------------------------------------
[debug] [2017-06-13T06:18:20.652Z] Command:      C:\Program Files\nodejs\node.exe C:\Users\talle\AppData\Roaming\npm\node_modules\firebase-tools\bin\firebase serve
[debug] [2017-06-13T06:18:20.652Z] CLI Version:  3.9.1
[debug] [2017-06-13T06:18:20.652Z] Platform:     win32
[debug] [2017-06-13T06:18:20.652Z] Node Version: v6.10.3
[debug] [2017-06-13T06:18:20.653Z] Time:         Tue Jun 13 2017 00:18:20 GMT-0600 (Mountain Daylight Time)
[debug] [2017-06-13T06:18:20.653Z] ----------------------------------------------------------------------
[debug] 
[debug] [2017-06-13T06:18:20.666Z] > command requires scopes: ["email","openid","https://www.googleapis.com/auth/cloudplatformprojects.readonly","https://www.googleapis.com/auth/firebase","https://www.googleapis.com/auth/cloud-platform"]
[debug] [2017-06-13T06:18:20.667Z] > authorizing via signed-in user
[debug] [2017-06-13T06:18:20.669Z] >>> HTTP REQUEST GET https://admin.firebase.com/v1/projects/ddsecrets-11850  
 Tue Jun 13 2017 00:18:20 GMT-0600 (Mountain Daylight Time)
[debug] [2017-06-13T06:18:21.283Z] <<< HTTP RESPONSE 200
[debug] [2017-06-13T06:18:21.285Z] >>> HTTP REQUEST GET https://admin.firebase.com/v1/database/ddsecrets-11850/tokens  
 Tue Jun 13 2017 00:18:21 GMT-0600 (Mountain Daylight Time)
[debug] [2017-06-13T06:18:21.709Z] <<< HTTP RESPONSE 200
[info] 
[info] === Serving from 'D:\Thom\Projects\nodeProjects\ddsecrets1'...
[info] 
[debug] [2017-06-13T06:18:21.718Z] >>> HTTP REQUEST GET https://cloudresourcemanager.googleapis.com/v1/projects/ddsecrets-11850  
 Tue Jun 13 2017 00:18:21 GMT-0600 (Mountain Daylight Time)
[debug] [2017-06-13T06:18:22.118Z] <<< HTTP RESPONSE 200
[debug] [2017-06-13T06:18:22.119Z] >>> HTTP REQUEST GET https://mobilesdk-pa.googleapis.com/v1/projects/961955283308/clients/_:getWebAppConfig  
 Tue Jun 13 2017 00:18:22 GMT-0600 (Mountain Daylight Time)
[debug] [2017-06-13T06:18:22.695Z] <<< HTTP RESPONSE 200
[info] i  hosting: Serving hosting files from: public
[info] +  hosting: Local server: http://localhost:5000

[debug] [2017-06-13T17:33:02.245Z] ----------------------------------------------------------------------
[debug] [2017-06-13T17:33:02.249Z] Command:      C:\Program Files\nodejs\node.exe C:\Users\talle\AppData\Roaming\npm\node_modules\firebase-tools\bin\firebase serve
[debug] [2017-06-13T17:33:02.249Z] CLI Version:  3.9.1
[debug] [2017-06-13T17:33:02.249Z] Platform:     win32
[debug] [2017-06-13T17:33:02.249Z] Node Version: v6.10.3
[debug] [2017-06-13T17:33:02.249Z] Time:         Tue Jun 13 2017 11:33:02 GMT-0600 (Mountain Daylight Time)
[debug] [2017-06-13T17:33:02.249Z] ----------------------------------------------------------------------
[debug] 
[debug] [2017-06-13T17:33:02.269Z] > command requires scopes: ["email","openid","https://www.googleapis.com/auth/cloudplatformprojects.readonly","https://www.googleapis.com/auth/firebase","https://www.googleapis.com/auth/cloud-platform"]
[debug] [2017-06-13T17:33:02.269Z] > authorizing via signed-in user
[debug] [2017-06-13T17:33:02.273Z] > refreshing access token with scopes: ["email","https://www.googleapis.com/auth/cloud-platform","https://www.googleapis.com/auth/cloudplatformprojects.readonly","https://www.googleapis.com/auth/firebase","openid"]
[debug] [2017-06-13T17:33:02.273Z] >>> HTTP REQUEST POST https://www.googleapis.com/oauth2/v3/token { refresh_token: '1/bPJHKBUaezjMmRivIJA_Ih4RYHCauQQIWk3j9ZEmrgfl2Hr9GAqjdAhtcpA9Ivv1',
  client_id: '563584335869-fgrhgmd47bqnekij5i8b5pr03ho849e6.apps.googleusercontent.com',
  client_secret: 'j9iVZfS8kkCEFUPaAeJV0sAi',
  grant_type: 'refresh_token',
  scope: 'email https://www.googleapis.com/auth/cloud-platform https://www.googleapis.com/auth/cloudplatformprojects.readonly https://www.googleapis.com/auth/firebase openid' } 
 Tue Jun 13 2017 11:33:02 GMT-0600 (Mountain Daylight Time)
[debug] [2017-06-13T17:33:02.702Z] <<< HTTP RESPONSE 200
[debug] [2017-06-13T17:33:02.710Z] >>> HTTP REQUEST GET https://admin.firebase.com/v1/projects/ddsecrets-11850  
 Tue Jun 13 2017 11:33:02 GMT-0600 (Mountain Daylight Time)
[debug] [2017-06-13T17:33:03.154Z] <<< HTTP RESPONSE 200
[debug] [2017-06-13T17:33:03.154Z] >>> HTTP REQUEST GET https://admin.firebase.com/v1/database/ddsecrets-11850/tokens  
 Tue Jun 13 2017 11:33:03 GMT-0600 (Mountain Daylight Time)
[debug] [2017-06-13T17:33:03.540Z] <<< HTTP RESPONSE 200
[info] 
[info] === Serving from 'D:\Thom\Projects\nodeProjects\ddsecrets1'...
[info] 
[debug] [2017-06-13T17:33:03.543Z] >>> HTTP REQUEST GET https://cloudresourcemanager.googleapis.com/v1/projects/ddsecrets-11850  
 Tue Jun 13 2017 11:33:03 GMT-0600 (Mountain Daylight Time)
[debug] [2017-06-13T17:33:04.019Z] <<< HTTP RESPONSE 200
[debug] [2017-06-13T17:33:04.023Z] >>> HTTP REQUEST GET https://mobilesdk-pa.googleapis.com/v1/projects/961955283308/clients/_:getWebAppConfig  
 Tue Jun 13 2017 11:33:04 GMT-0600 (Mountain Daylight Time)
[debug] [2017-06-13T17:33:04.636Z] <<< HTTP RESPONSE 200
[info] i  hosting: Serving hosting files from: public
[info] +  hosting: Local server: http://localhost:5000

[debug] [2017-06-13T18:35:28.342Z] ----------------------------------------------------------------------
[debug] [2017-06-13T18:35:28.342Z] Command:      C:\Program Files\nodejs\node.exe C:\Users\talle\AppData\Roaming\npm\node_modules\firebase-tools\bin\firebase serve
[debug] [2017-06-13T18:35:28.342Z] CLI Version:  3.9.1
[debug] [2017-06-13T18:35:28.342Z] Platform:     win32
[debug] [2017-06-13T18:35:28.342Z] Node Version: v6.10.3
[debug] [2017-06-13T18:35:28.342Z] Time:         Tue Jun 13 2017 12:35:28 GMT-0600 (Mountain Daylight Time)
[debug] [2017-06-13T18:35:28.342Z] ----------------------------------------------------------------------
[debug] 
[debug] [2017-06-13T18:35:28.354Z] > command requires scopes: ["email","openid","https://www.googleapis.com/auth/cloudplatformprojects.readonly","https://www.googleapis.com/auth/firebase","https://www.googleapis.com/auth/cloud-platform"]
[debug] [2017-06-13T18:35:28.354Z] > authorizing via signed-in user
[debug] [2017-06-13T18:35:28.354Z] > refreshing access token with scopes: ["email","https://www.googleapis.com/auth/cloud-platform","https://www.googleapis.com/auth/cloudplatformprojects.readonly","https://www.googleapis.com/auth/firebase","openid"]
[debug] [2017-06-13T18:35:28.354Z] >>> HTTP REQUEST POST https://www.googleapis.com/oauth2/v3/token { refresh_token: '1/bPJHKBUaezjMmRivIJA_Ih4RYHCauQQIWk3j9ZEmrgfl2Hr9GAqjdAhtcpA9Ivv1',
  client_id: '563584335869-fgrhgmd47bqnekij5i8b5pr03ho849e6.apps.googleusercontent.com',
  client_secret: 'j9iVZfS8kkCEFUPaAeJV0sAi',
  grant_type: 'refresh_token',
  scope: 'email https://www.googleapis.com/auth/cloud-platform https://www.googleapis.com/auth/cloudplatformprojects.readonly https://www.googleapis.com/auth/firebase openid' } 
 Tue Jun 13 2017 12:35:28 GMT-0600 (Mountain Daylight Time)
[debug] [2017-06-13T18:35:28.643Z] <<< HTTP RESPONSE 200
[debug] [2017-06-13T18:35:28.647Z] >>> HTTP REQUEST GET https://admin.firebase.com/v1/projects/ddsecrets-11850  
 Tue Jun 13 2017 12:35:28 GMT-0600 (Mountain Daylight Time)
[debug] [2017-06-13T18:35:29.179Z] <<< HTTP RESPONSE 200
[debug] [2017-06-13T18:35:29.179Z] >>> HTTP REQUEST GET https://admin.firebase.com/v1/database/ddsecrets-11850/tokens  
 Tue Jun 13 2017 12:35:29 GMT-0600 (Mountain Daylight Time)
[debug] [2017-06-13T18:35:29.589Z] <<< HTTP RESPONSE 200
[info] 
[info] === Serving from 'D:\Thom\Projects\nodeProjects\ddsecrets1'...
[info] 
[debug] [2017-06-13T18:35:29.589Z] >>> HTTP REQUEST GET https://cloudresourcemanager.googleapis.com/v1/projects/ddsecrets-11850  
 Tue Jun 13 2017 12:35:29 GMT-0600 (Mountain Daylight Time)
[debug] [2017-06-13T18:35:30.102Z] <<< HTTP RESPONSE 200
[debug] [2017-06-13T18:35:30.102Z] >>> HTTP REQUEST GET https://mobilesdk-pa.googleapis.com/v1/projects/961955283308/clients/_:getWebAppConfig  
 Tue Jun 13 2017 12:35:30 GMT-0600 (Mountain Daylight Time)
[debug] [2017-06-13T18:35:30.715Z] <<< HTTP RESPONSE 200
[info] i  hosting: Serving hosting files from: public
[info] +  hosting: Local server: http://localhost:5000

[debug] [2017-06-13T19:17:56.463Z] ----------------------------------------------------------------------
[debug] [2017-06-13T19:17:56.479Z] Command:      C:\Program Files\nodejs\node.exe C:\Users\talle\AppData\Roaming\npm\node_modules\firebase-tools\bin\firebase serve
[debug] [2017-06-13T19:17:56.479Z] CLI Version:  3.9.1
[debug] [2017-06-13T19:17:56.479Z] Platform:     win32
[debug] [2017-06-13T19:17:56.479Z] Node Version: v6.10.3
[debug] [2017-06-13T19:17:56.479Z] Time:         Tue Jun 13 2017 13:17:56 GMT-0600 (Mountain Daylight Time)
[debug] [2017-06-13T19:17:56.479Z] ----------------------------------------------------------------------
[debug] 
[debug] [2017-06-13T19:17:56.479Z] > command requires scopes: ["email","openid","https://www.googleapis.com/auth/cloudplatformprojects.readonly","https://www.googleapis.com/auth/firebase","https://www.googleapis.com/auth/cloud-platform"]
[debug] [2017-06-13T19:17:56.479Z] > authorizing via signed-in user
[debug] [2017-06-13T19:17:56.479Z] >>> HTTP REQUEST GET https://admin.firebase.com/v1/projects/ddsecrets-11850  
 Tue Jun 13 2017 13:17:56 GMT-0600 (Mountain Daylight Time)
[debug] [2017-06-13T19:17:57.117Z] <<< HTTP RESPONSE 200
[debug] [2017-06-13T19:17:57.119Z] >>> HTTP REQUEST GET https://admin.firebase.com/v1/database/ddsecrets-11850/tokens  
 Tue Jun 13 2017 13:17:57 GMT-0600 (Mountain Daylight Time)
[debug] [2017-06-13T19:17:57.823Z] <<< HTTP RESPONSE 200
[info] 
[info] === Serving from 'D:\Thom\Projects\nodeProjects\ddsecrets1'...
[info] 
[debug] [2017-06-13T19:17:57.823Z] >>> HTTP REQUEST GET https://cloudresourcemanager.googleapis.com/v1/projects/ddsecrets-11850  
 Tue Jun 13 2017 13:17:57 GMT-0600 (Mountain Daylight Time)
[debug] [2017-06-13T19:17:58.327Z] <<< HTTP RESPONSE 200
[debug] [2017-06-13T19:17:58.327Z] >>> HTTP REQUEST GET https://mobilesdk-pa.googleapis.com/v1/projects/961955283308/clients/_:getWebAppConfig  
 Tue Jun 13 2017 13:17:58 GMT-0600 (Mountain Daylight Time)
[debug] [2017-06-13T19:17:58.946Z] <<< HTTP RESPONSE 200
[info] i  hosting: Serving hosting files from: public
[info] +  hosting: Local server: http://localhost:5000

[debug] [2017-06-13T21:18:09.716Z] ----------------------------------------------------------------------
[debug] [2017-06-13T21:18:09.716Z] Command:      C:\Program Files\nodejs\node.exe C:\Users\talle\AppData\Roaming\npm\node_modules\firebase-tools\bin\firebase serve
[debug] [2017-06-13T21:18:09.716Z] CLI Version:  3.9.1
[debug] [2017-06-13T21:18:09.716Z] Platform:     win32
[debug] [2017-06-13T21:18:09.716Z] Node Version: v6.10.3
[debug] [2017-06-13T21:18:09.716Z] Time:         Tue Jun 13 2017 15:18:09 GMT-0600 (Mountain Daylight Time)
[debug] [2017-06-13T21:18:09.716Z] ----------------------------------------------------------------------
[debug] 
[debug] [2017-06-13T21:18:09.748Z] > command requires scopes: ["email","openid","https://www.googleapis.com/auth/cloudplatformprojects.readonly","https://www.googleapis.com/auth/firebase","https://www.googleapis.com/auth/cloud-platform"]
[debug] [2017-06-13T21:18:09.748Z] > authorizing via signed-in user
[debug] [2017-06-13T21:18:09.748Z] > refreshing access token with scopes: ["email","https://www.googleapis.com/auth/cloud-platform","https://www.googleapis.com/auth/cloudplatformprojects.readonly","https://www.googleapis.com/auth/firebase","openid"]
[debug] [2017-06-13T21:18:09.763Z] >>> HTTP REQUEST POST https://www.googleapis.com/oauth2/v3/token { refresh_token: '1/bPJHKBUaezjMmRivIJA_Ih4RYHCauQQIWk3j9ZEmrgfl2Hr9GAqjdAhtcpA9Ivv1',
  client_id: '563584335869-fgrhgmd47bqnekij5i8b5pr03ho849e6.apps.googleusercontent.com',
  client_secret: 'j9iVZfS8kkCEFUPaAeJV0sAi',
  grant_type: 'refresh_token',
  scope: 'email https://www.googleapis.com/auth/cloud-platform https://www.googleapis.com/auth/cloudplatformprojects.readonly https://www.googleapis.com/auth/firebase openid' } 
 Tue Jun 13 2017 15:18:09 GMT-0600 (Mountain Daylight Time)
[debug] [2017-06-13T21:18:10.082Z] <<< HTTP RESPONSE 200
[debug] [2017-06-13T21:18:10.098Z] >>> HTTP REQUEST GET https://admin.firebase.com/v1/projects/ddsecrets-11850  
 Tue Jun 13 2017 15:18:10 GMT-0600 (Mountain Daylight Time)
[debug] [2017-06-13T21:18:10.798Z] <<< HTTP RESPONSE 200
[debug] [2017-06-13T21:18:10.802Z] >>> HTTP REQUEST GET https://admin.firebase.com/v1/database/ddsecrets-11850/tokens  
 Tue Jun 13 2017 15:18:10 GMT-0600 (Mountain Daylight Time)
[debug] [2017-06-13T21:18:11.290Z] <<< HTTP RESPONSE 200
[info] 
[info] === Serving from 'D:\Thom\Projects\nodeProjects\ddsecrets1'...
[info] 
[debug] [2017-06-13T21:18:11.305Z] >>> HTTP REQUEST GET https://cloudresourcemanager.googleapis.com/v1/projects/ddsecrets-11850  
 Tue Jun 13 2017 15:18:11 GMT-0600 (Mountain Daylight Time)
[debug] [2017-06-13T21:18:11.916Z] <<< HTTP RESPONSE 200
[debug] [2017-06-13T21:18:11.916Z] >>> HTTP REQUEST GET https://mobilesdk-pa.googleapis.com/v1/projects/961955283308/clients/_:getWebAppConfig  
 Tue Jun 13 2017 15:18:11 GMT-0600 (Mountain Daylight Time)
[debug] [2017-06-13T21:18:12.470Z] <<< HTTP RESPONSE 200
[info] i  hosting: Serving hosting files from: public
[info] +  hosting: Local server: http://localhost:5000

[debug] [2017-06-14T20:14:16.456Z] ----------------------------------------------------------------------
[debug] [2017-06-14T20:14:16.458Z] Command:      C:\Program Files\nodejs\node.exe C:\Users\talle\AppData\Roaming\npm\node_modules\firebase-tools\bin\firebase serve
[debug] [2017-06-14T20:14:16.459Z] CLI Version:  3.9.1
[debug] [2017-06-14T20:14:16.459Z] Platform:     win32
[debug] [2017-06-14T20:14:16.459Z] Node Version: v6.10.3
[debug] [2017-06-14T20:14:16.459Z] Time:         Wed Jun 14 2017 14:14:16 GMT-0600 (Mountain Daylight Time)
[debug] [2017-06-14T20:14:16.459Z] ----------------------------------------------------------------------
[debug] 
[debug] [2017-06-14T20:14:16.473Z] > command requires scopes: ["email","openid","https://www.googleapis.com/auth/cloudplatformprojects.readonly","https://www.googleapis.com/auth/firebase","https://www.googleapis.com/auth/cloud-platform"]
[debug] [2017-06-14T20:14:16.474Z] > authorizing via signed-in user
[debug] [2017-06-14T20:14:16.475Z] > refreshing access token with scopes: ["email","https://www.googleapis.com/auth/cloud-platform","https://www.googleapis.com/auth/cloudplatformprojects.readonly","https://www.googleapis.com/auth/firebase","openid"]
[debug] [2017-06-14T20:14:16.476Z] >>> HTTP REQUEST POST https://www.googleapis.com/oauth2/v3/token { refresh_token: '1/bPJHKBUaezjMmRivIJA_Ih4RYHCauQQIWk3j9ZEmrgfl2Hr9GAqjdAhtcpA9Ivv1',
  client_id: '563584335869-fgrhgmd47bqnekij5i8b5pr03ho849e6.apps.googleusercontent.com',
  client_secret: 'j9iVZfS8kkCEFUPaAeJV0sAi',
  grant_type: 'refresh_token',
  scope: 'email https://www.googleapis.com/auth/cloud-platform https://www.googleapis.com/auth/cloudplatformprojects.readonly https://www.googleapis.com/auth/firebase openid' } 
 Wed Jun 14 2017 14:14:16 GMT-0600 (Mountain Daylight Time)
[debug] [2017-06-14T20:14:16.649Z] <<< HTTP RESPONSE 200
[debug] [2017-06-14T20:14:16.666Z] >>> HTTP REQUEST GET https://admin.firebase.com/v1/projects/ddsecrets-11850  
 Wed Jun 14 2017 14:14:16 GMT-0600 (Mountain Daylight Time)
[debug] [2017-06-14T20:14:17.159Z] <<< HTTP RESPONSE 200
[debug] [2017-06-14T20:14:17.160Z] >>> HTTP REQUEST GET https://admin.firebase.com/v1/database/ddsecrets-11850/tokens  
 Wed Jun 14 2017 14:14:17 GMT-0600 (Mountain Daylight Time)
[debug] [2017-06-14T20:14:17.571Z] <<< HTTP RESPONSE 200
[info] 
[info] === Serving from 'D:\Thom\Projects\nodeProjects\ddsecrets1'...
[info] 
[debug] [2017-06-14T20:14:17.577Z] >>> HTTP REQUEST GET https://cloudresourcemanager.googleapis.com/v1/projects/ddsecrets-11850  
 Wed Jun 14 2017 14:14:17 GMT-0600 (Mountain Daylight Time)
[debug] [2017-06-14T20:14:17.922Z] <<< HTTP RESPONSE 200
[debug] [2017-06-14T20:14:17.923Z] >>> HTTP REQUEST GET https://mobilesdk-pa.googleapis.com/v1/projects/961955283308/clients/_:getWebAppConfig  
 Wed Jun 14 2017 14:14:17 GMT-0600 (Mountain Daylight Time)
[debug] [2017-06-14T20:14:18.367Z] <<< HTTP RESPONSE 200
[info] i  hosting: Serving hosting files from: public
[info] +  hosting: Local server: http://localhost:5000

[debug] [2017-06-15T04:29:46.751Z] ----------------------------------------------------------------------
[debug] [2017-06-15T04:29:46.753Z] Command:      C:\Program Files\nodejs\node.exe C:\Users\talle\AppData\Roaming\npm\node_modules\firebase-tools\bin\firebase serve
[debug] [2017-06-15T04:29:46.754Z] CLI Version:  3.9.1
[debug] [2017-06-15T04:29:46.754Z] Platform:     win32
[debug] [2017-06-15T04:29:46.754Z] Node Version: v6.10.3
[debug] [2017-06-15T04:29:46.754Z] Time:         Wed Jun 14 2017 22:29:46 GMT-0600 (Mountain Daylight Time)
[debug] [2017-06-15T04:29:46.754Z] ----------------------------------------------------------------------
[debug] 
[debug] [2017-06-15T04:29:46.768Z] > command requires scopes: ["email","openid","https://www.googleapis.com/auth/cloudplatformprojects.readonly","https://www.googleapis.com/auth/firebase","https://www.googleapis.com/auth/cloud-platform"]
[debug] [2017-06-15T04:29:46.768Z] > authorizing via signed-in user
[debug] [2017-06-15T04:29:46.770Z] > refreshing access token with scopes: ["email","https://www.googleapis.com/auth/cloud-platform","https://www.googleapis.com/auth/cloudplatformprojects.readonly","https://www.googleapis.com/auth/firebase","openid"]
[debug] [2017-06-15T04:29:46.770Z] >>> HTTP REQUEST POST https://www.googleapis.com/oauth2/v3/token { refresh_token: '1/bPJHKBUaezjMmRivIJA_Ih4RYHCauQQIWk3j9ZEmrgfl2Hr9GAqjdAhtcpA9Ivv1',
  client_id: '563584335869-fgrhgmd47bqnekij5i8b5pr03ho849e6.apps.googleusercontent.com',
  client_secret: 'j9iVZfS8kkCEFUPaAeJV0sAi',
  grant_type: 'refresh_token',
  scope: 'email https://www.googleapis.com/auth/cloud-platform https://www.googleapis.com/auth/cloudplatformprojects.readonly https://www.googleapis.com/auth/firebase openid' } 
 Wed Jun 14 2017 22:29:46 GMT-0600 (Mountain Daylight Time)
[debug] [2017-06-15T04:29:46.941Z] <<< HTTP RESPONSE 200
[debug] [2017-06-15T04:29:46.950Z] >>> HTTP REQUEST GET https://admin.firebase.com/v1/projects/ddsecrets-11850  
 Wed Jun 14 2017 22:29:46 GMT-0600 (Mountain Daylight Time)
[debug] [2017-06-15T04:29:47.400Z] <<< HTTP RESPONSE 200
[debug] [2017-06-15T04:29:47.401Z] >>> HTTP REQUEST GET https://admin.firebase.com/v1/database/ddsecrets-11850/tokens  
 Wed Jun 14 2017 22:29:47 GMT-0600 (Mountain Daylight Time)
[debug] [2017-06-15T04:29:47.892Z] <<< HTTP RESPONSE 200
[info] 
[info] === Serving from 'D:\Thom\Projects\nodeProjects\ddsecrets1'...
[info] 
[debug] [2017-06-15T04:29:47.899Z] >>> HTTP REQUEST GET https://cloudresourcemanager.googleapis.com/v1/projects/ddsecrets-11850  
 Wed Jun 14 2017 22:29:47 GMT-0600 (Mountain Daylight Time)
[debug] [2017-06-15T04:29:48.248Z] <<< HTTP RESPONSE 200
[debug] [2017-06-15T04:29:48.249Z] >>> HTTP REQUEST GET https://mobilesdk-pa.googleapis.com/v1/projects/961955283308/clients/_:getWebAppConfig  
 Wed Jun 14 2017 22:29:48 GMT-0600 (Mountain Daylight Time)
[debug] [2017-06-15T04:29:48.823Z] <<< HTTP RESPONSE 200
[info] i  hosting: Serving hosting files from: public
[info] +  hosting: Local server: http://localhost:5000

[debug] [2017-06-15T05:40:14.044Z] ----------------------------------------------------------------------
[debug] [2017-06-15T05:40:14.048Z] Command:      C:\Program Files\nodejs\node.exe C:\Users\talle\AppData\Roaming\npm\node_modules\firebase-tools\bin\firebase serve
[debug] [2017-06-15T05:40:14.048Z] CLI Version:  3.9.1
[debug] [2017-06-15T05:40:14.048Z] Platform:     win32
[debug] [2017-06-15T05:40:14.048Z] Node Version: v6.10.3
[debug] [2017-06-15T05:40:14.052Z] Time:         Wed Jun 14 2017 23:40:14 GMT-0600 (Mountain Daylight Time)
[debug] [2017-06-15T05:40:14.052Z] ----------------------------------------------------------------------
[debug] 
[debug] [2017-06-15T05:40:14.076Z] > command requires scopes: ["email","openid","https://www.googleapis.com/auth/cloudplatformprojects.readonly","https://www.googleapis.com/auth/firebase","https://www.googleapis.com/auth/cloud-platform"]
[debug] [2017-06-15T05:40:14.076Z] > authorizing via signed-in user
[debug] [2017-06-15T05:40:14.080Z] > refreshing access token with scopes: ["email","https://www.googleapis.com/auth/cloud-platform","https://www.googleapis.com/auth/cloudplatformprojects.readonly","https://www.googleapis.com/auth/firebase","openid"]
[debug] [2017-06-15T05:40:14.080Z] >>> HTTP REQUEST POST https://www.googleapis.com/oauth2/v3/token { refresh_token: '1/bPJHKBUaezjMmRivIJA_Ih4RYHCauQQIWk3j9ZEmrgfl2Hr9GAqjdAhtcpA9Ivv1',
  client_id: '563584335869-fgrhgmd47bqnekij5i8b5pr03ho849e6.apps.googleusercontent.com',
  client_secret: 'j9iVZfS8kkCEFUPaAeJV0sAi',
  grant_type: 'refresh_token',
  scope: 'email https://www.googleapis.com/auth/cloud-platform https://www.googleapis.com/auth/cloudplatformprojects.readonly https://www.googleapis.com/auth/firebase openid' } 
 Wed Jun 14 2017 23:40:14 GMT-0600 (Mountain Daylight Time)
[debug] [2017-06-15T05:40:14.312Z] <<< HTTP RESPONSE 200
[debug] [2017-06-15T05:40:14.332Z] >>> HTTP REQUEST GET https://admin.firebase.com/v1/projects/ddsecrets-11850  
 Wed Jun 14 2017 23:40:14 GMT-0600 (Mountain Daylight Time)
[debug] [2017-06-15T05:40:14.881Z] <<< HTTP RESPONSE 200
[debug] [2017-06-15T05:40:14.881Z] >>> HTTP REQUEST GET https://admin.firebase.com/v1/database/ddsecrets-11850/tokens  
 Wed Jun 14 2017 23:40:14 GMT-0600 (Mountain Daylight Time)
[debug] [2017-06-15T05:40:15.318Z] <<< HTTP RESPONSE 200
[info] 
[info] === Serving from 'D:\Thom\Projects\nodeProjects\ddsecrets1'...
[info] 
[debug] [2017-06-15T05:40:15.322Z] >>> HTTP REQUEST GET https://cloudresourcemanager.googleapis.com/v1/projects/ddsecrets-11850  
 Wed Jun 14 2017 23:40:15 GMT-0600 (Mountain Daylight Time)
[debug] [2017-06-15T05:40:15.682Z] <<< HTTP RESPONSE 200
[debug] [2017-06-15T05:40:15.682Z] >>> HTTP REQUEST GET https://mobilesdk-pa.googleapis.com/v1/projects/961955283308/clients/_:getWebAppConfig  
 Wed Jun 14 2017 23:40:15 GMT-0600 (Mountain Daylight Time)
[debug] [2017-06-15T05:40:16.103Z] <<< HTTP RESPONSE 200
[info] i  hosting: Serving hosting files from: public
[info] +  hosting: Local server: http://localhost:5000

[debug] [2017-06-15T17:12:41.267Z] ----------------------------------------------------------------------
[debug] [2017-06-15T17:12:41.269Z] Command:      C:\Program Files\nodejs\node.exe C:\Users\talle\AppData\Roaming\npm\node_modules\firebase-tools\bin\firebase serve
[debug] [2017-06-15T17:12:41.270Z] CLI Version:  3.9.1
[debug] [2017-06-15T17:12:41.270Z] Platform:     win32
[debug] [2017-06-15T17:12:41.270Z] Node Version: v6.10.3
[debug] [2017-06-15T17:12:41.270Z] Time:         Thu Jun 15 2017 11:12:41 GMT-0600 (Mountain Daylight Time)
[debug] [2017-06-15T17:12:41.270Z] ----------------------------------------------------------------------
[debug] 
[debug] [2017-06-15T17:12:41.282Z] > command requires scopes: ["email","openid","https://www.googleapis.com/auth/cloudplatformprojects.readonly","https://www.googleapis.com/auth/firebase","https://www.googleapis.com/auth/cloud-platform"]
[debug] [2017-06-15T17:12:41.282Z] > authorizing via signed-in user
[debug] [2017-06-15T17:12:41.284Z] > refreshing access token with scopes: ["email","https://www.googleapis.com/auth/cloud-platform","https://www.googleapis.com/auth/cloudplatformprojects.readonly","https://www.googleapis.com/auth/firebase","openid"]
[debug] [2017-06-15T17:12:41.285Z] >>> HTTP REQUEST POST https://www.googleapis.com/oauth2/v3/token { refresh_token: '1/bPJHKBUaezjMmRivIJA_Ih4RYHCauQQIWk3j9ZEmrgfl2Hr9GAqjdAhtcpA9Ivv1',
  client_id: '563584335869-fgrhgmd47bqnekij5i8b5pr03ho849e6.apps.googleusercontent.com',
  client_secret: 'j9iVZfS8kkCEFUPaAeJV0sAi',
  grant_type: 'refresh_token',
  scope: 'email https://www.googleapis.com/auth/cloud-platform https://www.googleapis.com/auth/cloudplatformprojects.readonly https://www.googleapis.com/auth/firebase openid' } 
 Thu Jun 15 2017 11:12:41 GMT-0600 (Mountain Daylight Time)
[debug] [2017-06-15T17:12:41.443Z] <<< HTTP RESPONSE 200
[debug] [2017-06-15T17:12:41.453Z] >>> HTTP REQUEST GET https://admin.firebase.com/v1/projects/ddsecrets-11850  
 Thu Jun 15 2017 11:12:41 GMT-0600 (Mountain Daylight Time)
[debug] [2017-06-15T17:12:41.925Z] <<< HTTP RESPONSE 200
[debug] [2017-06-15T17:12:41.927Z] >>> HTTP REQUEST GET https://admin.firebase.com/v1/database/ddsecrets-11850/tokens  
 Thu Jun 15 2017 11:12:41 GMT-0600 (Mountain Daylight Time)
[debug] [2017-06-15T17:12:42.409Z] <<< HTTP RESPONSE 200
[info] 
[info] === Serving from 'D:\Thom\Projects\nodeProjects\ddsecrets1'...
[info] 
[debug] [2017-06-15T17:12:42.412Z] >>> HTTP REQUEST GET https://cloudresourcemanager.googleapis.com/v1/projects/ddsecrets-11850  
 Thu Jun 15 2017 11:12:42 GMT-0600 (Mountain Daylight Time)
[debug] [2017-06-15T17:12:42.752Z] <<< HTTP RESPONSE 200
[debug] [2017-06-15T17:12:42.752Z] >>> HTTP REQUEST GET https://mobilesdk-pa.googleapis.com/v1/projects/961955283308/clients/_:getWebAppConfig  
 Thu Jun 15 2017 11:12:42 GMT-0600 (Mountain Daylight Time)
[debug] [2017-06-15T17:12:43.188Z] <<< HTTP RESPONSE 200
[info] i  hosting: Serving hosting files from: public
[info] +  hosting: Local server: http://localhost:5000

[debug] [2017-06-15T18:43:38.941Z] ----------------------------------------------------------------------
[debug] [2017-06-15T18:43:38.943Z] Command:      C:\Program Files\nodejs\node.exe C:\Users\talle\AppData\Roaming\npm\node_modules\firebase-tools\bin\firebase serve
[debug] [2017-06-15T18:43:38.944Z] CLI Version:  3.9.1
[debug] [2017-06-15T18:43:38.944Z] Platform:     win32
[debug] [2017-06-15T18:43:38.944Z] Node Version: v6.10.3
[debug] [2017-06-15T18:43:38.944Z] Time:         Thu Jun 15 2017 12:43:38 GMT-0600 (Mountain Daylight Time)
[debug] [2017-06-15T18:43:38.944Z] ----------------------------------------------------------------------
[debug] 
[debug] [2017-06-15T18:43:38.954Z] > command requires scopes: ["email","openid","https://www.googleapis.com/auth/cloudplatformprojects.readonly","https://www.googleapis.com/auth/firebase","https://www.googleapis.com/auth/cloud-platform"]
[debug] [2017-06-15T18:43:38.955Z] > authorizing via signed-in user
[debug] [2017-06-15T18:43:38.957Z] > refreshing access token with scopes: ["email","https://www.googleapis.com/auth/cloud-platform","https://www.googleapis.com/auth/cloudplatformprojects.readonly","https://www.googleapis.com/auth/firebase","openid"]
[debug] [2017-06-15T18:43:38.957Z] >>> HTTP REQUEST POST https://www.googleapis.com/oauth2/v3/token { refresh_token: '1/bPJHKBUaezjMmRivIJA_Ih4RYHCauQQIWk3j9ZEmrgfl2Hr9GAqjdAhtcpA9Ivv1',
  client_id: '563584335869-fgrhgmd47bqnekij5i8b5pr03ho849e6.apps.googleusercontent.com',
  client_secret: 'j9iVZfS8kkCEFUPaAeJV0sAi',
  grant_type: 'refresh_token',
  scope: 'email https://www.googleapis.com/auth/cloud-platform https://www.googleapis.com/auth/cloudplatformprojects.readonly https://www.googleapis.com/auth/firebase openid' } 
 Thu Jun 15 2017 12:43:38 GMT-0600 (Mountain Daylight Time)
[debug] [2017-06-15T18:43:39.128Z] <<< HTTP RESPONSE 200
[debug] [2017-06-15T18:43:39.142Z] >>> HTTP REQUEST GET https://admin.firebase.com/v1/projects/ddsecrets-11850  
 Thu Jun 15 2017 12:43:39 GMT-0600 (Mountain Daylight Time)
[debug] [2017-06-15T18:43:39.695Z] <<< HTTP RESPONSE 200
[debug] [2017-06-15T18:43:39.697Z] >>> HTTP REQUEST GET https://admin.firebase.com/v1/database/ddsecrets-11850/tokens  
 Thu Jun 15 2017 12:43:39 GMT-0600 (Mountain Daylight Time)
[debug] [2017-06-15T18:43:40.116Z] <<< HTTP RESPONSE 200
[info] 
[info] === Serving from 'D:\Thom\Projects\nodeProjects\ddsecrets1'...
[info] 
[debug] [2017-06-15T18:43:40.122Z] >>> HTTP REQUEST GET https://cloudresourcemanager.googleapis.com/v1/projects/ddsecrets-11850  
 Thu Jun 15 2017 12:43:40 GMT-0600 (Mountain Daylight Time)
[debug] [2017-06-15T18:43:40.457Z] <<< HTTP RESPONSE 200
[debug] [2017-06-15T18:43:40.458Z] >>> HTTP REQUEST GET https://mobilesdk-pa.googleapis.com/v1/projects/961955283308/clients/_:getWebAppConfig  
 Thu Jun 15 2017 12:43:40 GMT-0600 (Mountain Daylight Time)
[debug] [2017-06-15T18:43:40.891Z] <<< HTTP RESPONSE 200
[info] i  hosting: Serving hosting files from: public
[info] +  hosting: Local server: http://localhost:5000

[debug] [2017-06-15T18:57:44.732Z] ----------------------------------------------------------------------
[debug] [2017-06-15T18:57:44.734Z] Command:      C:\Program Files\nodejs\node.exe C:\Users\talle\AppData\Roaming\npm\node_modules\firebase-tools\bin\firebase serve
[debug] [2017-06-15T18:57:44.735Z] CLI Version:  3.9.1
[debug] [2017-06-15T18:57:44.735Z] Platform:     win32
[debug] [2017-06-15T18:57:44.735Z] Node Version: v6.10.3
[debug] [2017-06-15T18:57:44.735Z] Time:         Thu Jun 15 2017 12:57:44 GMT-0600 (Mountain Daylight Time)
[debug] [2017-06-15T18:57:44.735Z] ----------------------------------------------------------------------
[debug] 
[debug] [2017-06-15T18:57:44.745Z] > command requires scopes: ["email","openid","https://www.googleapis.com/auth/cloudplatformprojects.readonly","https://www.googleapis.com/auth/firebase","https://www.googleapis.com/auth/cloud-platform"]
[debug] [2017-06-15T18:57:44.745Z] > authorizing via signed-in user
[debug] [2017-06-15T18:57:44.747Z] >>> HTTP REQUEST GET https://admin.firebase.com/v1/projects/ddsecrets-11850  
 Thu Jun 15 2017 12:57:44 GMT-0600 (Mountain Daylight Time)
[debug] [2017-06-15T18:57:45.352Z] <<< HTTP RESPONSE 200
[debug] [2017-06-15T18:57:45.354Z] >>> HTTP REQUEST GET https://admin.firebase.com/v1/database/ddsecrets-11850/tokens  
 Thu Jun 15 2017 12:57:45 GMT-0600 (Mountain Daylight Time)
[debug] [2017-06-15T18:57:45.922Z] <<< HTTP RESPONSE 200
[info] 
[info] === Serving from 'D:\Thom\Projects\nodeProjects\ddsecrets1'...
[info] 
[debug] [2017-06-15T18:57:45.929Z] >>> HTTP REQUEST GET https://cloudresourcemanager.googleapis.com/v1/projects/ddsecrets-11850  
 Thu Jun 15 2017 12:57:45 GMT-0600 (Mountain Daylight Time)
[debug] [2017-06-15T18:57:46.270Z] <<< HTTP RESPONSE 200
[debug] [2017-06-15T18:57:46.271Z] >>> HTTP REQUEST GET https://mobilesdk-pa.googleapis.com/v1/projects/961955283308/clients/_:getWebAppConfig  
 Thu Jun 15 2017 12:57:46 GMT-0600 (Mountain Daylight Time)
[debug] [2017-06-15T18:57:46.760Z] <<< HTTP RESPONSE 200
[info] i  hosting: Serving hosting files from: public
[info] +  hosting: Local server: http://localhost:5000

